<?xml version="1.0" encoding="UTF-8"?>
<!-- Generated by org.testng.reporters.JUnitReportReporter -->
<testsuite hostname="QinXindeMacBook-Pro.local" failures="0" tests="2" name="Maven.BrowserStackDemo1" time="104.528" errors="0" timestamp="2020-06-10T13:54:46 EDT" skipped="0">
  <testcase classname="Maven.BrowserStackDemo1" name="openBI" time="91.941"/>
  <system-out/>
  <testcase classname="Maven.BrowserStackDemo1" name="openBI" time="12.587"/>
  <system-out/>
</testsuite> <!-- Maven.BrowserStackDemo1 -->
