<?xml version="1.0" encoding="UTF-8"?>
<!-- Generated by org.testng.reporters.JUnitReportReporter -->
<testsuite hostname="QinXindeMacBook-Pro.local" failures="0" tests="1" name="Maven.BrowserStackDemo5" time="27.551" errors="0" timestamp="2020-06-24T11:40:27 EDT" skipped="0">
  <testcase classname="Maven.BrowserStackDemo5" name="Logout" time="27.551"/>
  <system-out/>
</testsuite> <!-- Maven.BrowserStackDemo5 -->
