<?xml version="1.0" encoding="UTF-8"?>
<!-- Generated by org.testng.reporters.JUnitReportReporter -->
<testsuite hostname="QinXindeMacBook-Pro.local" failures="0" tests="1" name="Maven.MN18A_SearchUnsupportedIntegration" time="21.402" errors="0" timestamp="2020-07-23T11:15:50 EDT" skipped="0">
  <testcase classname="Maven.MN18A_SearchUnsupportedIntegration" name="Cprofile" time="21.402"/>
  <system-out/>
</testsuite> <!-- Maven.MN18A_SearchUnsupportedIntegration -->
