<?xml version="1.0" encoding="UTF-8"?>
<!-- Generated by org.testng.reporters.JUnitReportReporter -->
<testsuite hostname="QinXindeMacBook-Pro.local" failures="0" tests="2" name="Maven.BrowserStackDemo2_2" time="27.869" errors="0" timestamp="2020-06-18T13:50:54 EDT" skipped="0">
  <testcase classname="Maven.BrowserStackDemo2_2" name="Login" time="12.048"/>
  <system-out/>
  <testcase classname="Maven.BrowserStackDemo2_2" name="Login" time="15.821"/>
  <system-out/>
</testsuite> <!-- Maven.BrowserStackDemo2_2 -->
