<?xml version="1.0" encoding="UTF-8"?>
<!-- Generated by org.testng.reporters.JUnitReportReporter -->
<testsuite hostname="QinXindeMacBook-Pro.local" failures="0" tests="1" name="Maven.BrowserStackDemo4" time="14.897" errors="0" timestamp="2020-06-24T11:04:01 EDT" skipped="0">
  <testcase classname="Maven.BrowserStackDemo4" name="Cprofile" time="14.897"/>
  <system-out/>
</testsuite> <!-- Maven.BrowserStackDemo4 -->
