<?xml version="1.0" encoding="UTF-8"?>
<!-- Generated by org.testng.reporters.JUnitReportReporter -->
<testsuite hostname="QinXindeMacBook-Pro.local" failures="0" tests="1" name="Maven.BrowserStackDemo13" time="18.793" errors="0" timestamp="2020-07-02T14:53:05 EDT" skipped="0">
  <testcase classname="Maven.BrowserStackDemo13" name="Cprofile" time="18.793"/>
  <system-out/>
</testsuite> <!-- Maven.BrowserStackDemo13 -->
