<?xml version="1.0" encoding="UTF-8"?>
<!-- Generated by org.testng.reporters.JUnitReportReporter -->
<testsuite hostname="QinXindeMacBook-Pro.local" failures="0" tests="1" name="Maven.BrowserStackDemo9" time="29.120" errors="0" timestamp="2020-06-29T16:47:29 EDT" skipped="0">
  <testcase classname="Maven.BrowserStackDemo9" name="Logout" time="29.120"/>
  <system-out/>
</testsuite> <!-- Maven.BrowserStackDemo9 -->
