<?xml version="1.0" encoding="UTF-8"?>
<!-- Generated by org.testng.reporters.JUnitReportReporter -->
<testsuite hostname="QinXindeMacBook-Pro.local" failures="0" tests="1" name="Maven.MN07C_EditDocumentName" time="115.659" errors="0" timestamp="2020-08-06T12:30:33 EDT" skipped="0">
  <testcase classname="Maven.MN07C_EditDocumentName" name="Cprofile" time="115.659"/>
  <system-out/>
</testsuite> <!-- Maven.MN07C_EditDocumentName -->
