<?xml version="1.0" encoding="UTF-8"?>
<!-- Generated by org.testng.reporters.JUnitReportReporter -->
<testsuite hostname="QinXindeMacBook-Pro.local" failures="0" tests="1" name="Maven.BrowserStackDemo2" time="13.684" errors="0" timestamp="2020-06-24T10:06:06 EDT" skipped="0">
  <testcase classname="Maven.BrowserStackDemo2" name="Login" time="13.684"/>
  <system-out/>
</testsuite> <!-- Maven.BrowserStackDemo2 -->
