<?xml version="1.0" encoding="UTF-8"?>
<!-- Generated by org.testng.reporters.JUnitReportReporter -->
<testsuite hostname="QinXindeMacBook-Pro.local" failures="0" tests="1" name="Maven.BrowserStackDemo7" time="33.818" errors="0" timestamp="2020-06-24T11:58:24 EDT" skipped="0">
  <testcase classname="Maven.BrowserStackDemo7" name="Logout" time="33.818"/>
  <system-out/>
</testsuite> <!-- Maven.BrowserStackDemo7 -->
