<?xml version="1.0" encoding="UTF-8"?>
<!-- Generated by org.testng.reporters.JUnitReportReporter -->
<testsuite hostname="QinXindeMacBook-Pro.local" failures="0" tests="1" name="Maven.BrowserStackDemo3" time="99.846" errors="0" timestamp="2020-06-24T10:15:05 EDT" skipped="0">
  <testcase classname="Maven.BrowserStackDemo3" name="Logout" time="99.846"/>
  <system-out/>
</testsuite> <!-- Maven.BrowserStackDemo3 -->
