<?xml version="1.0" encoding="UTF-8"?>
<!-- Generated by org.testng.reporters.JUnitReportReporter -->
<testsuite hostname="BOSS-0005" failures="0" tests="2" name="Maven.MN00A_LoadSite" time="62.980" errors="0" timestamp="2020-08-20T11:44:46 EDT" skipped="0">
  <testcase classname="Maven.MN00A_LoadSite" name="openBI" time="21.282"/>
  <system-out/>
  <testcase classname="Maven.MN00A_LoadSite" name="openBI" time="41.698"/>
  <system-out/>
</testsuite> <!-- Maven.MN00A_LoadSite -->
