<?xml version="1.0" encoding="UTF-8"?>
<!-- Generated by org.testng.reporters.JUnitReportReporter -->
<testsuite hostname="QinXindeMacBook-Pro.local" failures="0" tests="1" name="Maven.BrowserStackDemo2_1" time="38.288" errors="0" timestamp="2020-06-29T12:25:39 EDT" skipped="0">
  <testcase classname="Maven.BrowserStackDemo2_1" name="Login" time="38.288"/>
  <system-out/>
</testsuite> <!-- Maven.BrowserStackDemo2_1 -->
