<?xml version="1.0" encoding="UTF-8"?>
<!-- Generated by org.testng.reporters.JUnitReportReporter -->
<testsuite hostname="QinXindeMacBook-Pro.local" failures="0" tests="2" name="Maven.MN01B_Login_CorrectInput" time="38.546" errors="0" timestamp="2020-08-20T09:20:45 EDT" skipped="0">
  <testcase classname="Maven.MN01B_Login_CorrectInput" name="Login" time="29.358"/>
  <system-out/>
  <testcase classname="Maven.MN01B_Login_CorrectInput" name="Login" time="9.188"/>
  <system-out/>
</testsuite> <!-- Maven.MN01B_Login_CorrectInput -->
