<?xml version="1.0" encoding="UTF-8"?>
<!-- Generated by org.testng.reporters.JUnitReportReporter -->
<testsuite hostname="QinXindeMacBook-Pro.local" failures="0" tests="2" name="Maven.BrowserStackDemo1" time="29.472" errors="0" timestamp="10 Jun 2020 18:45:51 GMT">
  <testcase classname="Maven.BrowserStackDemo1" name="openBI" time="11.732"/>
  <testcase classname="Maven.BrowserStackDemo1" name="openBI" time="17.740"/>
</testsuite> <!-- Maven.BrowserStackDemo1 -->
