<?xml version="1.0" encoding="UTF-8"?>
<!-- Generated by org.testng.reporters.JUnitReportReporter -->
<testsuite hostname="QinXindeMacBook-Pro.local" failures="0" tests="2" name="Maven.BrowserStackDemo2" time="31.574" errors="0" timestamp="10 Jun 2020 18:45:51 GMT">
  <testcase classname="Maven.BrowserStackDemo2" name="Login" time="11.095"/>
  <testcase classname="Maven.BrowserStackDemo2" name="Login" time="20.479"/>
</testsuite> <!-- Maven.BrowserStackDemo2 -->
